INFO:scrapy.utils.log:Scrapy 1.6.0 started (bot: arts)
2019-02-14 12:00:10 [scrapy.utils.log] INFO: Scrapy 1.6.0 started (bot: arts)
INFO:scrapy.utils.log:Versions: lxml 4.3.1.0, libxml2 2.9.9, cssselect 1.0.3, parsel 1.5.1, w3lib 1.20.0, Twisted 18.9.0, Python 3.7.2 (default, Dec 29 2018, 06:19:36) - [GCC 7.3.0], pyOpenSSL 19.0.0 (OpenSSL 1.1.1a  20 Nov 2018), cryptography 2.5, Platform Linux-4.15.0-29deepin-generic-x86_64-with-debian-8.0
2019-02-14 12:00:10 [scrapy.utils.log] INFO: Versions: lxml 4.3.1.0, libxml2 2.9.9, cssselect 1.0.3, parsel 1.5.1, w3lib 1.20.0, Twisted 18.9.0, Python 3.7.2 (default, Dec 29 2018, 06:19:36) - [GCC 7.3.0], pyOpenSSL 19.0.0 (OpenSSL 1.1.1a  20 Nov 2018), cryptography 2.5, Platform Linux-4.15.0-29deepin-generic-x86_64-with-debian-8.0
INFO:scrapy.crawler:Overridden settings: {'BOT_NAME': 'arts', 'NEWSPIDER_MODULE': 'arts.spiders', 'SPIDER_MODULES': ['arts.spiders']}
2019-02-14 12:00:10 [scrapy.crawler] INFO: Overridden settings: {'BOT_NAME': 'arts', 'NEWSPIDER_MODULE': 'arts.spiders', 'SPIDER_MODULES': ['arts.spiders']}
INFO:scrapy.extensions.telnet:Telnet Password: e242a089f51efeda
2019-02-14 12:00:10 [scrapy.extensions.telnet] INFO: Telnet Password: e242a089f51efeda
INFO:scrapy.middleware:Enabled extensions:
['scrapy.extensions.corestats.CoreStats',
 'scrapy.extensions.telnet.TelnetConsole',
 'scrapy.extensions.memusage.MemoryUsage',
 'scrapy.extensions.logstats.LogStats']
2019-02-14 12:00:10 [scrapy.middleware] INFO: Enabled extensions:
['scrapy.extensions.corestats.CoreStats',
 'scrapy.extensions.telnet.TelnetConsole',
 'scrapy.extensions.memusage.MemoryUsage',
 'scrapy.extensions.logstats.LogStats']
INFO:scrapy.middleware:Enabled downloader middlewares:
['scrapy.downloadermiddlewares.httpauth.HttpAuthMiddleware',
 'scrapy.downloadermiddlewares.downloadtimeout.DownloadTimeoutMiddleware',
 'scrapy.downloadermiddlewares.defaultheaders.DefaultHeadersMiddleware',
 'scrapy.downloadermiddlewares.useragent.UserAgentMiddleware',
 'scrapy.downloadermiddlewares.retry.RetryMiddleware',
 'scrapy.downloadermiddlewares.redirect.MetaRefreshMiddleware',
 'scrapy.downloadermiddlewares.httpcompression.HttpCompressionMiddleware',
 'scrapy.downloadermiddlewares.redirect.RedirectMiddleware',
 'scrapy.downloadermiddlewares.cookies.CookiesMiddleware',
 'scrapy.downloadermiddlewares.httpproxy.HttpProxyMiddleware',
 'scrapy.downloadermiddlewares.stats.DownloaderStats']
2019-02-14 12:00:10 [scrapy.middleware] INFO: Enabled downloader middlewares:
['scrapy.downloadermiddlewares.httpauth.HttpAuthMiddleware',
 'scrapy.downloadermiddlewares.downloadtimeout.DownloadTimeoutMiddleware',
 'scrapy.downloadermiddlewares.defaultheaders.DefaultHeadersMiddleware',
 'scrapy.downloadermiddlewares.useragent.UserAgentMiddleware',
 'scrapy.downloadermiddlewares.retry.RetryMiddleware',
 'scrapy.downloadermiddlewares.redirect.MetaRefreshMiddleware',
 'scrapy.downloadermiddlewares.httpcompression.HttpCompressionMiddleware',
 'scrapy.downloadermiddlewares.redirect.RedirectMiddleware',
 'scrapy.downloadermiddlewares.cookies.CookiesMiddleware',
 'scrapy.downloadermiddlewares.httpproxy.HttpProxyMiddleware',
 'scrapy.downloadermiddlewares.stats.DownloaderStats']
INFO:scrapy.middleware:Enabled spider middlewares:
['scrapy.spidermiddlewares.httperror.HttpErrorMiddleware',
 'scrapy.spidermiddlewares.offsite.OffsiteMiddleware',
 'scrapy.spidermiddlewares.referer.RefererMiddleware',
 'scrapy.spidermiddlewares.urllength.UrlLengthMiddleware',
 'scrapy.spidermiddlewares.depth.DepthMiddleware']
2019-02-14 12:00:10 [scrapy.middleware] INFO: Enabled spider middlewares:
['scrapy.spidermiddlewares.httperror.HttpErrorMiddleware',
 'scrapy.spidermiddlewares.offsite.OffsiteMiddleware',
 'scrapy.spidermiddlewares.referer.RefererMiddleware',
 'scrapy.spidermiddlewares.urllength.UrlLengthMiddleware',
 'scrapy.spidermiddlewares.depth.DepthMiddleware']
INFO:scrapy.middleware:Enabled item pipelines:
[]
2019-02-14 12:00:10 [scrapy.middleware] INFO: Enabled item pipelines:
[]
INFO:scrapy.core.engine:Spider opened
2019-02-14 12:00:10 [scrapy.core.engine] INFO: Spider opened
INFO:scrapy.extensions.logstats:Crawled 0 pages (at 0 pages/min), scraped 0 items (at 0 items/min)
2019-02-14 12:00:10 [scrapy.extensions.logstats] INFO: Crawled 0 pages (at 0 pages/min), scraped 0 items (at 0 items/min)
INFO:scrapy.extensions.telnet:Telnet console listening on 127.0.0.1:6023
2019-02-14 12:00:10 [scrapy.extensions.telnet] INFO: Telnet console listening on 127.0.0.1:6023
DEBUG:scrapy.downloadermiddlewares.redirect:Redirecting (meta refresh) to <GET http://www.baidu.com/> from <GET http://baidu.com/>
2019-02-14 12:00:10 [scrapy.downloadermiddlewares.redirect] DEBUG: Redirecting (meta refresh) to <GET http://www.baidu.com/> from <GET http://baidu.com/>
DEBUG:scrapy.core.engine:Crawled (200) <GET http://www.baidu.com/> (referer: None)
2019-02-14 12:00:10 [scrapy.core.engine] DEBUG: Crawled (200) <GET http://www.baidu.com/> (referer: None)
time sleep 11
ERROR:root:TimeErr:time sleep longer
2019-02-14 12:00:21 [root] ERROR: TimeErr:time sleep longer
INFO:scrapy.core.engine:Closing spider (finished)
2019-02-14 12:00:21 [scrapy.core.engine] INFO: Closing spider (finished)
INFO:scrapy.statscollectors:Dumping Scrapy stats:
{'downloader/request_bytes': 420,
 'downloader/request_count': 2,
 'downloader/request_method_count/GET': 2,
 'downloader/response_bytes': 1818,
 'downloader/response_count': 2,
 'downloader/response_status_count/200': 2,
 'finish_reason': 'finished',
 'finish_time': datetime.datetime(2019, 2, 14, 4, 0, 21, 998594),
 'log_count/DEBUG': 2,
 'log_count/ERROR': 1,
 'log_count/INFO': 9,
 'memusage/max': 59215872,
 'memusage/startup': 59215872,
 'response_received_count': 1,
 'scheduler/dequeued': 2,
 'scheduler/dequeued/memory': 2,
 'scheduler/enqueued': 2,
 'scheduler/enqueued/memory': 2,
 'start_time': datetime.datetime(2019, 2, 14, 4, 0, 10, 711050)}
2019-02-14 12:00:21 [scrapy.statscollectors] INFO: Dumping Scrapy stats:
{'downloader/request_bytes': 420,
 'downloader/request_count': 2,
 'downloader/request_method_count/GET': 2,
 'downloader/response_bytes': 1818,
 'downloader/response_count': 2,
 'downloader/response_status_count/200': 2,
 'finish_reason': 'finished',
 'finish_time': datetime.datetime(2019, 2, 14, 4, 0, 21, 998594),
 'log_count/DEBUG': 2,
 'log_count/ERROR': 1,
 'log_count/INFO': 9,
 'memusage/max': 59215872,
 'memusage/startup': 59215872,
 'response_received_count': 1,
 'scheduler/dequeued': 2,
 'scheduler/dequeued/memory': 2,
 'scheduler/enqueued': 2,
 'scheduler/enqueued/memory': 2,
 'start_time': datetime.datetime(2019, 2, 14, 4, 0, 10, 711050)}
INFO:scrapy.core.engine:Spider closed (finished)
2019-02-14 12:00:21 [scrapy.core.engine] INFO: Spider closed (finished)