INFO:scrapy.utils.log:Scrapy 1.6.0 started (bot: arts)
2019-02-16 20:48:42 [scrapy.utils.log] INFO: Scrapy 1.6.0 started (bot: arts)
INFO:scrapy.utils.log:Versions: lxml 4.3.1.0, libxml2 2.9.9, cssselect 1.0.3, parsel 1.5.1, w3lib 1.20.0, Twisted 18.9.0, Python 3.7.2 (default, Dec 29 2018, 06:19:36) - [GCC 7.3.0], pyOpenSSL 19.0.0 (OpenSSL 1.1.1a  20 Nov 2018), cryptography 2.5, Platform Linux-4.15.0-29deepin-generic-x86_64-with-debian-8.0
2019-02-16 20:48:42 [scrapy.utils.log] INFO: Versions: lxml 4.3.1.0, libxml2 2.9.9, cssselect 1.0.3, parsel 1.5.1, w3lib 1.20.0, Twisted 18.9.0, Python 3.7.2 (default, Dec 29 2018, 06:19:36) - [GCC 7.3.0], pyOpenSSL 19.0.0 (OpenSSL 1.1.1a  20 Nov 2018), cryptography 2.5, Platform Linux-4.15.0-29deepin-generic-x86_64-with-debian-8.0
INFO:scrapy.crawler:Overridden settings: {'BOT_NAME': 'arts', 'NEWSPIDER_MODULE': 'arts.spiders', 'ROBOTSTXT_OBEY': True, 'SPIDER_MODULES': ['arts.spiders']}
2019-02-16 20:48:42 [scrapy.crawler] INFO: Overridden settings: {'BOT_NAME': 'arts', 'NEWSPIDER_MODULE': 'arts.spiders', 'ROBOTSTXT_OBEY': True, 'SPIDER_MODULES': ['arts.spiders']}
INFO:scrapy.extensions.telnet:Telnet Password: 6c24989651928093
2019-02-16 20:48:42 [scrapy.extensions.telnet] INFO: Telnet Password: 6c24989651928093
INFO:scrapy.middleware:Enabled extensions:
['scrapy.extensions.corestats.CoreStats',
 'scrapy.extensions.telnet.TelnetConsole',
 'scrapy.extensions.memusage.MemoryUsage',
 'scrapy.extensions.logstats.LogStats']
2019-02-16 20:48:42 [scrapy.middleware] INFO: Enabled extensions:
['scrapy.extensions.corestats.CoreStats',
 'scrapy.extensions.telnet.TelnetConsole',
 'scrapy.extensions.memusage.MemoryUsage',
 'scrapy.extensions.logstats.LogStats']
INFO:scrapy.middleware:Enabled downloader middlewares:
['scrapy.downloadermiddlewares.robotstxt.RobotsTxtMiddleware',
 'scrapy.downloadermiddlewares.httpauth.HttpAuthMiddleware',
 'scrapy.downloadermiddlewares.downloadtimeout.DownloadTimeoutMiddleware',
 'scrapy.downloadermiddlewares.defaultheaders.DefaultHeadersMiddleware',
 'scrapy.downloadermiddlewares.useragent.UserAgentMiddleware',
 'scrapy.downloadermiddlewares.retry.RetryMiddleware',
 'scrapy.downloadermiddlewares.redirect.MetaRefreshMiddleware',
 'scrapy.downloadermiddlewares.httpcompression.HttpCompressionMiddleware',
 'scrapy.downloadermiddlewares.redirect.RedirectMiddleware',
 'scrapy.downloadermiddlewares.cookies.CookiesMiddleware',
 'scrapy.downloadermiddlewares.httpproxy.HttpProxyMiddleware',
 'scrapy.downloadermiddlewares.stats.DownloaderStats']
2019-02-16 20:48:42 [scrapy.middleware] INFO: Enabled downloader middlewares:
['scrapy.downloadermiddlewares.robotstxt.RobotsTxtMiddleware',
 'scrapy.downloadermiddlewares.httpauth.HttpAuthMiddleware',
 'scrapy.downloadermiddlewares.downloadtimeout.DownloadTimeoutMiddleware',
 'scrapy.downloadermiddlewares.defaultheaders.DefaultHeadersMiddleware',
 'scrapy.downloadermiddlewares.useragent.UserAgentMiddleware',
 'scrapy.downloadermiddlewares.retry.RetryMiddleware',
 'scrapy.downloadermiddlewares.redirect.MetaRefreshMiddleware',
 'scrapy.downloadermiddlewares.httpcompression.HttpCompressionMiddleware',
 'scrapy.downloadermiddlewares.redirect.RedirectMiddleware',
 'scrapy.downloadermiddlewares.cookies.CookiesMiddleware',
 'scrapy.downloadermiddlewares.httpproxy.HttpProxyMiddleware',
 'scrapy.downloadermiddlewares.stats.DownloaderStats']
INFO:scrapy.middleware:Enabled spider middlewares:
['scrapy.spidermiddlewares.httperror.HttpErrorMiddleware',
 'scrapy.spidermiddlewares.offsite.OffsiteMiddleware',
 'scrapy.spidermiddlewares.referer.RefererMiddleware',
 'scrapy.spidermiddlewares.urllength.UrlLengthMiddleware',
 'scrapy.spidermiddlewares.depth.DepthMiddleware']
2019-02-16 20:48:42 [scrapy.middleware] INFO: Enabled spider middlewares:
['scrapy.spidermiddlewares.httperror.HttpErrorMiddleware',
 'scrapy.spidermiddlewares.offsite.OffsiteMiddleware',
 'scrapy.spidermiddlewares.referer.RefererMiddleware',
 'scrapy.spidermiddlewares.urllength.UrlLengthMiddleware',
 'scrapy.spidermiddlewares.depth.DepthMiddleware']
INFO:scrapy.middleware:Enabled item pipelines:
[]
2019-02-16 20:48:42 [scrapy.middleware] INFO: Enabled item pipelines:
[]
INFO:scrapy.core.engine:Spider opened
2019-02-16 20:48:42 [scrapy.core.engine] INFO: Spider opened
INFO:scrapy.extensions.logstats:Crawled 0 pages (at 0 pages/min), scraped 0 items (at 0 items/min)
2019-02-16 20:48:42 [scrapy.extensions.logstats] INFO: Crawled 0 pages (at 0 pages/min), scraped 0 items (at 0 items/min)
INFO:scrapy.extensions.telnet:Telnet console listening on 127.0.0.1:6023
2019-02-16 20:48:42 [scrapy.extensions.telnet] INFO: Telnet console listening on 127.0.0.1:6023
ERROR:scrapy.core.engine:Error while obtaining start requests
Traceback (most recent call last):
  File "/home/gannicus/anaconda3/envs/envpoll/lib/python3.7/site-packages/scrapy/core/engine.py", line 127, in _next_request
    request = next(slot.start_requests)
  File "/home/gannicus/github/AsyncIns/AsyncIns/temp/307d4e4e-31e9-11e9-9167-488ad21e5e8a.egg/arts/spiders/tips.py", line 16, in start_requests
    yield SplashRequest(urls, callback=self.parse)
NameError: name 'SplashRequest' is not defined
2019-02-16 20:48:42 [scrapy.core.engine] ERROR: Error while obtaining start requests
Traceback (most recent call last):
  File "/home/gannicus/anaconda3/envs/envpoll/lib/python3.7/site-packages/scrapy/core/engine.py", line 127, in _next_request
    request = next(slot.start_requests)
  File "/home/gannicus/github/AsyncIns/AsyncIns/temp/307d4e4e-31e9-11e9-9167-488ad21e5e8a.egg/arts/spiders/tips.py", line 16, in start_requests
    yield SplashRequest(urls, callback=self.parse)
NameError: name 'SplashRequest' is not defined
INFO:scrapy.core.engine:Closing spider (finished)
2019-02-16 20:48:42 [scrapy.core.engine] INFO: Closing spider (finished)
INFO:scrapy.statscollectors:Dumping Scrapy stats:
{'finish_reason': 'finished',
 'finish_time': datetime.datetime(2019, 2, 16, 12, 48, 42, 707043),
 'log_count/ERROR': 1,
 'log_count/INFO': 9,
 'memusage/max': 62930944,
 'memusage/startup': 62930944,
 'start_time': datetime.datetime(2019, 2, 16, 12, 48, 42, 703637)}
2019-02-16 20:48:42 [scrapy.statscollectors] INFO: Dumping Scrapy stats:
{'finish_reason': 'finished',
 'finish_time': datetime.datetime(2019, 2, 16, 12, 48, 42, 707043),
 'log_count/ERROR': 1,
 'log_count/INFO': 9,
 'memusage/max': 62930944,
 'memusage/startup': 62930944,
 'start_time': datetime.datetime(2019, 2, 16, 12, 48, 42, 703637)}
INFO:scrapy.core.engine:Spider closed (finished)
2019-02-16 20:48:42 [scrapy.core.engine] INFO: Spider closed (finished)